# JRE version: Java(TM) SE Runtime Environment (8.0_45-b14) (build 1.8.0_45-b14)
# Java VM: Java HotSpot(TM) 64-Bit Server VM (25.45-b02 mixed mode windows-amd64 compressed oops)
Heap:
 PSYoungGen      total 76800K, used 181K [0x00000000f8000000, 0x00000000fea00000, 0x0000000100000000)
  eden space 64512K, 0% used [0x00000000f8000000,0x00000000f8000000,0x00000000fbf00000)
  from space 12288K, 1% used [0x00000000fbf00000,0x00000000fbf2d7d0,0x00000000fcb00000)
  to   space 12288K, 0% used [0x00000000fde00000,0x00000000fde00000,0x00000000fea00000)
 ParOldGen       total 54784K, used 49423K [0x00000000e8000000, 0x00000000eb580000, 0x00000000f8000000)
  object space 54784K, 90% used [0x00000000e8000000,0x00000000eb043d30,0x00000000eb580000)
 Metaspace       used 20180K, capacity 21168K, committed 21296K, reserved 1069056K
  class space    used 1984K, capacity 2148K, committed 2176K, reserved 1048576K
GC Heap History (10 events):
Event: 7171.958 GC heap after
Heap after GC invocations=21 (full 0):
 PSYoungGen      total 74752K, used 4486K [0x00000000f8000000, 0x00000000fdb80000, 0x0000000100000000)
  eden space 70144K, 0% used [0x00000000f8000000,0x00000000f8000000,0x00000000fc480000)
  from space 4608K, 97% used [0x00000000fc700000,0x00000000fcb618a0,0x00000000fcb80000)
  to   space 11776K, 0% used [0x00000000fd000000,0x00000000fd000000,0x00000000fdb80000)
 ParOldGen       total 54784K, used 35414K [0x00000000e8000000, 0x00000000eb580000, 0x00000000f8000000)
  object space 54784K, 64% used [0x00000000e8000000,0x00000000ea295bb8,0x00000000eb580000)
 Metaspace       used 20149K, capacity 21168K, committed 21296K, reserved 1069056K
  class space    used 1983K, capacity 2148K, committed 2176K, reserved 1048576K
}
Event: 85855.830 GC heap before
{Heap before GC invocations=22 (full 0):
 PSYoungGen      total 74752K, used 74630K [0x00000000f8000000, 0x00000000fdb80000, 0x0000000100000000)
  eden space 70144K, 100% used [0x00000000f8000000,0x00000000fc480000,0x00000000fc480000)
  from space 4608K, 97% used [0x00000000fc700000,0x00000000fcb618a0,0x00000000fcb80000)
  to   space 11776K, 0% used [0x00000000fd000000,0x00000000fd000000,0x00000000fdb80000)
 ParOldGen       total 54784K, used 35414K [0x00000000e8000000, 0x00000000eb580000, 0x00000000f8000000)
  object space 54784K, 64% used [0x00000000e8000000,0x00000000ea295bb8,0x00000000eb580000)
 Metaspace       used 20159K, capacity 21168K, committed 21296K, reserved 1069056K
  class space    used 1983K, capacity 2148K, committed 2176K, reserved 1048576K
Event: 87313.611 GC heap after
Heap after GC invocations=22 (full 0):
 PSYoungGen      total 76800K, used 1442K [0x00000000f8000000, 0x00000000fd900000, 0x0000000100000000)
  eden space 67584K, 0% used [0x00000000f8000000,0x00000000f8000000,0x00000000fc200000)
  from space 9216K, 15% used [0x00000000fd000000,0x00000000fd168a80,0x00000000fd900000)
  to   space 11776K, 0% used [0x00000000fc200000,0x00000000fc200000,0x00000000fcd80000)
 ParOldGen       total 54784K, used 35498K [0x00000000e8000000, 0x00000000eb580000, 0x00000000f8000000)
  object space 54784K, 64% used [0x00000000e8000000,0x00000000ea2aabc8,0x00000000eb580000)
 Metaspace       used 20159K, capacity 21168K, committed 21296K, reserved 1069056K
  class space    used 1983K, capacity 2148K, committed 2176K, reserved 1048576K
}
Event: 177782.973 GC heap before
{Heap before GC invocations=23 (full 0):
 PSYoungGen      total 76800K, used 69026K [0x00000000f8000000, 0x00000000fd900000, 0x0000000100000000)
  eden space 67584K, 100% used [0x00000000f8000000,0x00000000fc200000,0x00000000fc200000)
  from space 9216K, 15% used [0x00000000fd000000,0x00000000fd168a80,0x00000000fd900000)
  to   space 11776K, 0% used [0x00000000fc200000,0x00000000fc200000,0x00000000fcd80000)
 ParOldGen       total 54784K, used 35498K [0x00000000e8000000, 0x00000000eb580000, 0x00000000f8000000)
  object space 54784K, 64% used [0x00000000e8000000,0x00000000ea2aabc8,0x00000000eb580000)
 Metaspace       used 20171K, capacity 21168K, committed 21296K, reserved 1069056K
  class space    used 1984K, capacity 2148K, committed 2176K, reserved 1048576K
Event: 177785.643 GC heap after
Heap after GC invocations=23 (full 0):
 PSYoungGen      total 71168K, used 5983K [0x00000000f8000000, 0x00000000fd680000, 0x0000000100000000)
  eden space 65024K, 0% used [0x00000000f8000000,0x00000000f8000000,0x00000000fbf80000)
  from space 6144K, 97% used [0x00000000fc200000,0x00000000fc7d7d60,0x00000000fc800000)
  to   space 11776K, 0% used [0x00000000fcb00000,0x00000000fcb00000,0x00000000fd680000)
 ParOldGen       total 54784K, used 36791K [0x00000000e8000000, 0x00000000eb580000, 0x00000000f8000000)
  object space 54784K, 67% used [0x00000000e8000000,0x00000000ea3edfc8,0x00000000eb580000)
 Metaspace       used 20171K, capacity 21168K, committed 21296K, reserved 1069056K
  class space    used 1984K, capacity 2148K, committed 2176K, reserved 1048576K
}
Event: 177797.887 GC heap before
{Heap before GC invocations=24 (full 0):
 PSYoungGen      total 71168K, used 71007K [0x00000000f8000000, 0x00000000fd680000, 0x0000000100000000)
  eden space 65024K, 100% used [0x00000000f8000000,0x00000000fbf80000,0x00000000fbf80000)
  from space 6144K, 97% used [0x00000000fc200000,0x00000000fc7d7d60,0x00000000fc800000)
  to   space 11776K, 0% used [0x00000000fcb00000,0x00000000fcb00000,0x00000000fd680000)
 ParOldGen       total 54784K, used 36791K [0x00000000e8000000, 0x00000000eb580000, 0x00000000f8000000)
  object space 54784K, 67% used [0x00000000e8000000,0x00000000ea3edfc8,0x00000000eb580000)
 Metaspace       used 20180K, capacity 21168K, committed 21296K, reserved 1069056K
  class space    used 1984K, capacity 2148K, committed 2176K, reserved 1048576K
Event: 177798.924 GC heap after
Heap after GC invocations=24 (full 0):
 PSYoungGen      total 76288K, used 7819K [0x00000000f8000000, 0x00000000ff100000, 0x0000000100000000)
  eden space 64512K, 0% used [0x00000000f8000000,0x00000000f8000000,0x00000000fbf00000)
  from space 11776K, 66% used [0x00000000fcb00000,0x00000000fd2a2ce8,0x00000000fd680000)
  to   space 12288K, 0% used [0x00000000fbf00000,0x00000000fbf00000,0x00000000fcb00000)
 ParOldGen       total 54784K, used 41679K [0x00000000e8000000, 0x00000000eb580000, 0x00000000f8000000)
  object space 54784K, 76% used [0x00000000e8000000,0x00000000ea8b3ca8,0x00000000eb580000)
 Metaspace       used 20180K, capacity 21168K, committed 21296K, reserved 1069056K
  class space    used 1984K, capacity 2148K, committed 2176K, reserved 1048576K
}
Event: 177799.126 GC heap before
{Heap before GC invocations=25 (full 0):
 PSYoungGen      total 76288K, used 72331K [0x00000000f8000000, 0x00000000ff100000, 0x0000000100000000)
  eden space 64512K, 100% used [0x00000000f8000000,0x00000000fbf00000,0x00000000fbf00000)
  from space 11776K, 66% used [0x00000000fcb00000,0x00000000fd2a2ce8,0x00000000fd680000)
  to   space 12288K, 0% used [0x00000000fbf00000,0x00000000fbf00000,0x00000000fcb00000)
 ParOldGen       total 54784K, used 41679K [0x00000000e8000000, 0x00000000eb580000, 0x00000000f8000000)
  object space 54784K, 76% used [0x00000000e8000000,0x00000000ea8b3ca8,0x00000000eb580000)
 Metaspace       used 20180K, capacity 21168K, committed 21296K, reserved 1069056K
  class space    used 1984K, capacity 2148K, committed 2176K, reserved 1048576K
Event: 177799.234 GC heap after
Heap after GC invocations=25 (full 0):
 PSYoungGen      total 76800K, used 181K [0x00000000f8000000, 0x00000000fea00000, 0x0000000100000000)
  eden space 64512K, 0% used [0x00000000f8000000,0x00000000f8000000,0x00000000fbf00000)
  from space 12288K, 1% used [0x00000000fbf00000,0x00000000fbf2d7d0,0x00000000fcb00000)
  to   space 12288K, 0% used [0x00000000fde00000,0x00000000fde00000,0x00000000fea00000)
 ParOldGen       total 54784K, used 49423K [0x00000000e8000000, 0x00000000eb580000, 0x00000000f8000000)
  object space 54784K, 90% used [0x00000000e8000000,0x00000000eb043d30,0x00000000eb580000)
 Metaspace       used 20180K, capacity 21168K, committed 21296K, reserved 1069056K
  class space    used 1984K, capacity 2148K, committed 2176K, reserved 1048576K
}
Event: 177799.241 GC heap before
{Heap before GC invocations=26 (full 1):
 PSYoungGen      total 76800K, used 181K [0x00000000f8000000, 0x00000000fea00000, 0x0000000100000000)
  eden space 64512K, 0% used [0x00000000f8000000,0x00000000f8000000,0x00000000fbf00000)
  from space 12288K, 1% used [0x00000000fbf00000,0x00000000fbf2d7d0,0x00000000fcb00000)
  to   space 12288K, 0% used [0x00000000fde00000,0x00000000fde00000,0x00000000fea00000)
 ParOldGen       total 54784K, used 49423K [0x00000000e8000000, 0x00000000eb580000, 0x00000000f8000000)
  object space 54784K, 90% used [0x00000000e8000000,0x00000000eb043d30,0x00000000eb580000)
 Metaspace       used 20180K, capacity 21168K, committed 21296K, reserved 1069056K
  class space    used 1984K, capacity 2148K, committed 2176K, reserved 1048576K

